[09:15:30] This is prokka 1.14.6
[09:15:30] Written by Torsten Seemann <torsten.seemann@gmail.com>
[09:15:30] Homepage is https://github.com/tseemann/prokka
[09:15:30] Local time is Mon Dec 16 09:15:30 2024
[09:15:30] You are lijianhai
[09:15:30] Operating system is linux
[09:15:30] You have BioPerl 1.7.8
[09:15:30] System has 56 cores.
[09:15:30] Will use maximum of 8 cores.
[09:15:30] Annotating as >>> Bacteria <<<
[09:15:30] Generating locus_tag from '/home/lijianhai/大肠杆菌序列/分离测序/wayao.fa' contents.
[09:15:30] Setting --locustag PLMJLKIP from MD5 95635429faeef1170c3750db5017d113
[09:15:30] Re-using existing --outdir 005/prokka_results
[09:15:30] Using filename prefix: wayao.XXX
[09:15:30] Setting HMMER_NCPU=1
[09:15:30] Writing log to: 005/prokka_results/wayao.log
[09:15:30] Command: /home/lijianhai/miniconda3/envs/prokka/bin/prokka /home/lijianhai/大肠杆菌序列/分离测序/wayao.fa --outdir 005/prokka_results --prefix wayao --force
[09:15:30] Appending to PATH: /home/lijianhai/miniconda3/envs/prokka/bin
[09:15:30] Looking for 'aragorn' - found /home/lijianhai/miniconda3/envs/prokka/bin/aragorn
[09:15:30] Determined aragorn version is 001002 from 'ARAGORN v1.2.41 Dean Laslett'
[09:15:30] Looking for 'barrnap' - found /home/lijianhai/miniconda3/envs/prokka/bin/barrnap
[09:15:30] Determined barrnap version is 000009 from 'barrnap 0.9'
[09:15:30] Looking for 'blastp' - found /home/lijianhai/miniconda3/envs/prokka/bin/blastp
[09:15:30] Determined blastp version is 002015 from 'blastp: 2.15.0+'
[09:15:30] Looking for 'cmpress' - found /home/lijianhai/miniconda3/envs/prokka/bin/cmpress
[09:15:30] Determined cmpress version is 001001 from '# INFERNAL 1.1.5 (Sep 2023)'
[09:15:30] Looking for 'cmscan' - found /home/lijianhai/miniconda3/envs/prokka/bin/cmscan
[09:15:30] Determined cmscan version is 001001 from '# INFERNAL 1.1.5 (Sep 2023)'
[09:15:30] Looking for 'egrep' - found /usr/bin/egrep
[09:15:30] Looking for 'find' - found /usr/bin/find
[09:15:30] Looking for 'grep' - found /usr/bin/grep
[09:15:30] Looking for 'hmmpress' - found /home/lijianhai/miniconda3/envs/prokka/bin/hmmpress
[09:15:30] Determined hmmpress version is 003004 from '# HMMER 3.4 (Aug 2023); http://hmmer.org/'
[09:15:30] Looking for 'hmmscan' - found /home/lijianhai/miniconda3/envs/prokka/bin/hmmscan
[09:15:30] Determined hmmscan version is 003004 from '# HMMER 3.4 (Aug 2023); http://hmmer.org/'
[09:15:30] Looking for 'java' - found /home/lijianhai/miniconda3/envs/prokka/bin/java
[09:15:30] Looking for 'makeblastdb' - found /home/lijianhai/miniconda3/envs/prokka/bin/makeblastdb
[09:15:30] Determined makeblastdb version is 002015 from 'makeblastdb: 2.15.0+'
[09:15:30] Looking for 'minced' - found /home/lijianhai/miniconda3/envs/prokka/bin/minced
[09:15:31] Determined minced version is 004002 from 'minced 0.4.2'
[09:15:31] Looking for 'parallel' - found /home/lijianhai/miniconda3/envs/prokka/bin/parallel
[09:15:31] Determined parallel version is 20240522 from 'GNU parallel 20240522'
[09:15:31] Looking for 'prodigal' - found /home/lijianhai/miniconda3/envs/prokka/bin/prodigal
[09:15:31] Determined prodigal version is 002006 from 'Prodigal V2.6.3: February, 2016'
[09:15:31] Looking for 'prokka-genbank_to_fasta_db' - found /home/lijianhai/miniconda3/envs/prokka/bin/prokka-genbank_to_fasta_db
[09:15:31] Looking for 'sed' - found /usr/bin/sed
[09:15:31] Looking for 'tbl2asn' - found /home/lijianhai/miniconda3/envs/prokka/bin/tbl2asn
[09:15:31] Determined tbl2asn version is 025007 from 'tbl2asn 25.7   arguments:'
[09:15:31] Using genetic code table 11.
[09:15:31] Loading and checking input file: /home/lijianhai/大肠杆菌序列/分离测序/wayao.fa
[09:15:31] Wrote 197 contigs totalling 5217596 bp.
[09:15:31] Predicting tRNAs and tmRNAs
[09:15:31] Running: aragorn -l -gc11  -w 005\/prokka_results\/wayao\.fna
[09:15:31] 1 tRNA-Thr c[191,266] 34 (ggt)
[09:15:31] 1 tRNA-Ala c[203,278] 34 (tgc)
[09:15:31] 2 tRNA-Ile c[321,397] 35 (gat)
[09:15:31] 1 tRNA-Glu c[213,288] 35 (ttc)
[09:15:31] 1 tRNA-Thr c[466,541] 34 (ggt)
[09:15:31] 2 tRNA-Gly c[548,622] 34 (tcc)
[09:15:31] 3 tRNA-Tyr c[739,823] 35 (gta)
[09:15:31] 4 tRNA-Thr c[832,907] 34 (tgt)
[09:15:31] 1 tRNA-Val c[43,118] 34 (tac)
[09:15:31] 2 tRNA-Lys c[170,245] 34 (ttt)
[09:15:31] 3 tRNA-Val c[248,323] 34 (tac)
[09:15:31] 1 tRNA-Thr c[9323,9398] 34 (cgt)
[09:15:31] 1 tRNA-Asp c[28462,28538] 35 (gtc)
[09:15:31] 2 tRNA-Asp c[36685,36761] 35 (gtc)
[09:15:33] 1 tRNA-Phe [56179,56254] 34 (gaa)
[09:15:33] 1 tRNA-Gln c[66,140] 33 (ttg)
[09:15:33] 2 tRNA-Gln c[175,249] 33 (ttg)
[09:15:33] 1 tRNA-SeC c[27800,27894] 35 (tca)
[09:15:33] 1 tRNA-Pro c[53289,53365] 35 (tgg)
[09:15:33] 2 tRNA-Leu c[53408,53494] 35 (cag)
[09:15:33] 3 tRNA-His c[53515,53590] 34 (gtg)
[09:15:33] 4 tRNA-Arg c[53649,53725] 35 (ccg)
[09:15:33] 5 tRNA-Trp c[88194,88269] 34 (cca)
[09:15:33] 6 tRNA-Asp c[88278,88354] 35 (gtc)
[09:15:33] 1 tRNA-Pro c[346,422] 35 (cgg)
[09:15:33] 1 tRNA-Phe c[96398,96473] 34 (gaa)
[09:15:33] 2 tRNA-Gly [125337,125412] 34 (gcc)
[09:15:33] 3 tRNA-Gly [125570,125645] 34 (gcc)
[09:15:33] 4 tRNA-Gly [125681,125756] 34 (gcc)
[09:15:33] 1 tRNA-Arg [47091,47167] 35 (tct)
[09:15:33] 1 tRNA-Gly [52807,52891] 37 (gcc)
[09:15:33] 2 tRNA-Ser c[155838,155925] 35 (gga)
[09:15:33] 1 tRNA-Pro c[76154,76230] 35 (ggg)
[09:15:33] 1 tRNA-Ser c[195650,195730] 38 (gga)
[09:15:33] 1 tRNA-Gln c[84329,84403] 33 (ctg)
[09:15:33] 2 tRNA-Gln c[84441,84515] 33 (ctg)
[09:15:33] 3 tRNA-Met c[84564,84640] 35 (cat)
[09:15:33] 4 tRNA-Gln c[84656,84730] 33 (ttg)
[09:15:33] 5 tRNA-Leu c[84754,84838] 35 (tag)
[09:15:33] 6 tRNA-Met c[84848,84924] 35 (cat)
[09:15:33] 7 tRNA-Lys [163679,163754] 34 (ttt)
[09:15:33] 8 tRNA-Val [163890,163965] 34 (tac)
[09:15:33] 9 tRNA-Lys [163969,164044] 34 (ttt)
[09:15:33] 10 tRNA-Lys [164191,164266] 34 (ttt)
[09:15:33] 11 tRNA-Lys [164300,164375] 34 (ttt)
[09:15:33] 1 tRNA-Tyr c[76618,76702] 35 (gta)
[09:15:33] 2 tRNA-Tyr c[76737,76821] 35 (gta)
[09:15:33] 1 tRNA-Arg c[6323,6399] 35 (tct)
[09:15:33] 2 tRNA-Met c[6500,6575] 34 (cat)
[09:15:33] 3 tRNA-Val [114136,114212] 35 (gac)
[09:15:33] 4 tRNA-Val [114217,114293] 35 (gac)
[09:15:33] 1 tRNA-Leu [97551,97637] 35 (gag)
[09:15:33] 2 tRNA-Met [101420,101496] 35 (cat)
[09:15:33] 3 tRNA-Met c[201685,201760] 34 (cat)
[09:15:33] 1 tRNA-Arg c[3343,3419] 35 (tct)
[09:15:33] 1 tRNA-Ser c[31644,31731] 35 (tga)
[09:15:33] 2 tRNA-Ser c[80303,80390] 35 (gga)
[09:15:33] 1 tRNA-Gly [61218,61291] 33 (ccc)
[09:15:33] 2 tRNA-Met c[128531,128607] 35 (cat)
[09:15:33] 3 tRNA-Met c[128640,128716] 35 (cat)
[09:15:33] 4 tRNA-Met c[128750,128826] 35 (cat)
[09:15:33] 5 tRNA-Ser [258361,258453] 35 (gct)
[09:15:33] 6 tRNA-Arg [258457,258533] 35 (acg)
[09:15:33] 7 tRNA-Arg c[258477,258548] 34 (tcg)
[09:15:33] 8 tRNA-Arg [258731,258807] 35 (acg)
[09:15:33] 9 tRNA-Met [292966,293041] 34 (cat)
[09:15:33] 10 tmRNA c[332099,332461] 90,125 ANDENYALAA**
[09:15:33] 1 tRNA-Arg [100242,100316] 34 (cct)
[09:15:34] 2 tRNA-Ala c[143608,143683] 34 (ggc)
[09:15:34] 3 tRNA-Ala c[143723,143798] 34 (ggc)
[09:15:34] 4 tRNA-Val [146497,146572] 34 (tac)
[09:15:34] 5 tRNA-Val [146617,146692] 34 (tac)
[09:15:34] 6 tRNA-Val [146739,146814] 34 (tac)
[09:15:34] 7 tRNA-Lys [146819,146894] 34 (ttt)
[09:15:34] 1 tRNA-Leu c[202,288] 35 (taa)
[09:15:34] 2 tRNA-Cys c[301,374] 33 (gca)
[09:15:34] 3 tRNA-Gly c[429,504] 34 (gcc)
[09:15:34] 4 tRNA-Ser c[51241,51330] 35 (cga)
[09:15:34] 5 tRNA-Asn [52322,52397] 34 (gtt)
[09:15:34] 6 tRNA-Asn c[92219,92294] 34 (gtt)
[09:15:34] 7 tRNA-Asn [94043,94118] 34 (gtt)
[09:15:34] 8 tRNA-Asn [96451,96526] 34 (gtt)
[09:15:34] 1 tRNA-Leu c[20494,20578] 35 (caa)
[09:15:34] 1 tRNA-Leu c[32429,32515] 35 (cag)
[09:15:34] 2 tRNA-Leu c[32550,32636] 35 (cag)
[09:15:34] 3 tRNA-Leu c[32665,32751] 35 (cag)
[09:15:34] Found 86 tRNAs
[09:15:34] Predicting Ribosomal RNAs
[09:15:34] Running Barrnap with 8 threads
[09:15:35] 1 k141_104 36819 5S ribosomal RNA
[09:15:35] 2 k141_142 125 23S ribosomal RNA
[09:15:35] 3 k141_142 3124 5S ribosomal RNA
[09:15:35] 4 k141_178 88412 5S ribosomal RNA
[09:15:35] 5 k141_183 77 16S ribosomal RNA
[09:15:35] 6 k141_189 226 5S ribosomal RNA
[09:15:35] 7 k141_49 81 5S ribosomal RNA
[09:15:35] 8 k141_52 4378 5S ribosomal RNA
[09:15:35] 9 k141_92 39 5S ribosomal RNA
[09:15:35] 10 k141_92 284 5S ribosomal RNA
[09:15:35] Found 10 rRNAs
[09:15:35] Skipping ncRNA search, enable with --rfam if desired.
[09:15:35] Total of 95 tRNA + rRNA features
[09:15:35] Searching for CRISPR repeats
[09:15:36] CRISPR1 k141_87 173829 with 10 spacers
[09:15:36] CRISPR2 k141_87 200109 with 19 spacers
[09:15:36] Found 2 CRISPRs
[09:15:36] Predicting coding sequences
[09:15:36] Contigs total 5217596 bp, so using single mode
[09:15:36] Running: prodigal -i 005\/prokka_results\/wayao\.fna -c -m -g 11 -p single -f sco -q
[09:15:42] Excluding CDS which overlaps existing RNA (tRNA) at k141_184:47097..47348 on - strand
[09:15:42] Excluding CDS which overlaps existing RNA (tRNA) at k141_210:50926..53211 on + strand
[09:15:42] Excluding CDS which overlaps existing RNA (tRNA) at k141_198:76075..76200 on + strand
[09:15:43] Excluding CDS which overlaps existing RNA (tRNA) at k141_204:76439..76885 on + strand
[09:15:44] Excluding CDS which overlaps existing RNA (rRNA) at k141_183:1261..1515 on + strand
[09:15:45] Found 4812 CDS
[09:15:45] Connecting features back to sequences
[09:15:45] Not using genus-specific database. Try --usegenus to enable it.
[09:15:45] Annotating CDS, please be patient.
[09:15:45] Will use 8 CPUs for similarity searching.
[09:15:46] There are still 4812 unannotated CDS left (started with 4812)
[09:15:46] Will use blast to search against /home/lijianhai/miniconda3/envs/prokka/db/kingdom/Bacteria/IS with 8 CPUs
[09:15:46] Running: cat 005\/prokka_results\/wayao\.IS\.tmp\.1022853\.faa | parallel --gnu --plain -j 8 --block 96019 --recstart '>' --pipe blastp -query - -db /home/lijianhai/miniconda3/envs/prokka/db/kingdom/Bacteria/IS -evalue 1e-30 -qcov_hsp_perc 90 -num_threads 1 -num_descriptions 1 -num_alignments 1 -seg no > 005\/prokka_results\/wayao\.IS\.tmp\.1022853\.blast 2> /dev/null
[09:16:02] Deleting unwanted file: 005/prokka_results/wayao.IS.tmp.1022853.faa
[09:16:02] Deleting unwanted file: 005/prokka_results/wayao.IS.tmp.1022853.blast
[09:16:03] There are still 4758 unannotated CDS left (started with 4812)
[09:16:03] Will use blast to search against /home/lijianhai/miniconda3/envs/prokka/db/kingdom/Bacteria/AMR with 8 CPUs
[09:16:03] Running: cat 005\/prokka_results\/wayao\.AMR\.tmp\.1022853\.faa | parallel --gnu --plain -j 8 --block 95197 --recstart '>' --pipe blastp -query - -db /home/lijianhai/miniconda3/envs/prokka/db/kingdom/Bacteria/AMR -evalue 1e-300 -qcov_hsp_perc 90 -num_threads 1 -num_descriptions 1 -num_alignments 1 -seg no > 005\/prokka_results\/wayao\.AMR\.tmp\.1022853\.blast 2> /dev/null
[09:16:16] Deleting unwanted file: 005/prokka_results/wayao.AMR.tmp.1022853.faa
[09:16:16] Deleting unwanted file: 005/prokka_results/wayao.AMR.tmp.1022853.blast
[09:16:17] There are still 4758 unannotated CDS left (started with 4812)
[09:16:17] Will use blast to search against /home/lijianhai/miniconda3/envs/prokka/db/kingdom/Bacteria/sprot with 8 CPUs
[09:16:17] Running: cat 005\/prokka_results\/wayao\.sprot\.tmp\.1022853\.faa | parallel --gnu --plain -j 8 --block 95197 --recstart '>' --pipe blastp -query - -db /home/lijianhai/miniconda3/envs/prokka/db/kingdom/Bacteria/sprot -evalue 1e-09 -qcov_hsp_perc 80 -num_threads 1 -num_descriptions 1 -num_alignments 1 -seg no > 005\/prokka_results\/wayao\.sprot\.tmp\.1022853\.blast 2> /dev/null
[09:17:10] Modify product: UPF0401 protein YkfF => hypothetical protein
[09:17:10] Modify product: UPF0401 protein YkfF => hypothetical protein
[09:17:10] Modify product: Pentapeptide repeat protein VPA0095 => Pentapeptide repeat protein
[09:17:10] Modify product: UPF0401 protein YkfF => hypothetical protein
[09:17:10] Modify product: UPF0401 protein YkfF => hypothetical protein
[09:17:10] Modify product: Uncharacterized oxidoreductase YjhC => putative oxidoreductase YjhC
[09:17:10] Modify product: Uncharacterized protein YthA => putative protein YthA
[09:17:10] Modify product: Uncharacterized HTH-type transcriptional regulator HI_1476 => putative HTH-type transcriptional regulator
[09:17:10] Modify product: Probable RNA polymerase sigma factor FecI => putative RNA polymerase sigma factor FecI
[09:17:10] Modify product: Uncharacterized tRNA/rRNA methyltransferase YfiF => putative tRNA/rRNA methyltransferase YfiF
[09:17:10] Modify product: Multidrug efflux ATP-binding/permease protein BCG_0231 => Multidrug efflux ATP-binding/permease protein
[09:17:10] Modify product: Uncharacterized protein YdcY => putative protein YdcY
[09:17:10] Modify product: Uncharacterized protein YncE => putative protein YncE
[09:17:10] Modify product: Uncharacterized protein YshB => putative protein YshB
[09:17:10] Modify product: Probable GTP-binding protein EngB => putative GTP-binding protein EngB
[09:17:10] Modify product: Probable acyltransferase YihG => putative acyltransferase YihG
[09:17:10] Modify product: Uncharacterized periplasmic iron-binding protein HI_0362 => putative periplasmic iron-binding protein
[09:17:11] Modify product: Uncharacterized protein PA2218 => putative protein
[09:17:11] Modify product: UPF0761 membrane protein YihY => hypothetical protein
[09:17:11] Modify product: UPF0381 protein YiiS => hypothetical protein
[09:17:11] Modify product: Probable cystine transporter YijE => putative cystine transporter YijE
[09:17:11] Modify product: Uncharacterized protein YjbR => putative protein YjbR
[09:17:11] Modify product: Probable cyclic di-GMP phosphodiesterase PdeC => putative cyclic di-GMP phosphodiesterase PdeC
[09:17:11] Modify product: Uncharacterized ferredoxin-like protein YdhX => putative ferredoxin-like protein YdhX
[09:17:11] Modify product: Probable transcriptional regulator PhnF => putative transcriptional regulator PhnF
[09:17:11] Modify product: Uncharacterized protein YjdJ => putative protein YjdJ
[09:17:11] Modify product: Probable cadaverine/lysine antiporter => putative cadaverine/lysine antiporter
[09:17:11] Modify product: UPF0716 protein FxsA => hypothetical protein
[09:17:11] Modify product: UPF0719 inner membrane protein YjfL => hypothetical protein
[09:17:11] Modify product: Probable L-ascorbate-6-phosphate lactonase UlaG => putative L-ascorbate-6-phosphate lactonase UlaG
[09:17:11] Modify product: UPF0255 protein VV1_0328 => hypothetical protein
[09:17:11] Modify product: Uncharacterized N-acetyltransferase YafP => putative N-acetyltransferase YafP
[09:17:11] Modify product: Uncharacterized FAD-linked oxidoreductase Rv2280 => putative FAD-linked oxidoreductase
[09:17:11] Modify product: Uncharacterized protein YtfJ => putative protein YtfJ
[09:17:11] Modify product: Uncharacterized methyltransferase YcgJ => putative methyltransferase YcgJ
[09:17:11] Modify product: UPF0265 protein YeeX => hypothetical protein
[09:17:11] Modify product: UPF0394 inner membrane protein YeeE => hypothetical protein
[09:17:11] Modify product: Uncharacterized protein HI_0431 => putative protein
[09:17:11] Modify product: Probable glutamate/gamma-aminobutyrate antiporter => putative glutamate/gamma-aminobutyrate antiporter
[09:17:11] Modify product: Probable D,D-dipeptide-binding periplasmic protein DdpA => putative D,D-dipeptide-binding periplasmic protein DdpA
[09:17:11] Modify product: Probable D,D-dipeptide transport system permease protein DdpB => putative D,D-dipeptide transport system permease protein DdpB
[09:17:11] Modify product: Probable D,D-dipeptide transport system permease protein DdpC => putative D,D-dipeptide transport system permease protein DdpC
[09:17:11] Modify product: Probable D,D-dipeptide transport ATP-binding protein DdpD => putative D,D-dipeptide transport ATP-binding protein DdpD
[09:17:11] Modify product: Probable D,D-dipeptide transport ATP-binding protein DdpF => putative D,D-dipeptide transport ATP-binding protein DdpF
[09:17:11] Modify product: Uncharacterized HTH-type transcriptional regulator YddM => putative HTH-type transcriptional regulator YddM
[09:17:11] Modify product: Probable nitrate reductase molybdenum cofactor assembly chaperone NarW => putative nitrate reductase molybdenum cofactor assembly chaperone NarW
[09:17:11] Modify product: Uncharacterized isomerase YddE => putative isomerase YddE
[09:17:11] Modify product: UPF0301 protein YqgE => hypothetical protein
[09:17:11] Modify product: Uncharacterized protein YggR => putative protein YggR
[09:17:11] Modify product: UPF0235 protein YggU => hypothetical protein
[09:17:11] Modify product: Solute-binding protein Bamb_6123 => Solute-binding protein
[09:17:11] Modify product: Uncharacterized protein HI_0341 => putative protein
[09:17:11] Modify product: Probable Fe(2+)-trafficking protein => putative Fe(2+)-trafficking protein
[09:17:11] Modify product: Probable chromate transport protein => putative chromate transport protein
[09:17:11] Modify product: Transcriptional regulator Rv3488 => Transcriptional regulator
[09:17:11] Modify product: Uncharacterized protein YggR => putative protein YggR
[09:17:11] Modify product: Probable transcriptional regulatory protein YebC => putative transcriptional regulatory protein YebC
[09:17:11] Modify product: Uncharacterized inner membrane transporter YicL => putative inner membrane transporter YicL
[09:17:11] Modify product: UPF0126 inner membrane protein YicG => hypothetical protein
[09:17:11] Modify product: UPF0701 protein YicC => hypothetical protein
[09:17:12] Modify product: UPF0758 protein SP_1088 => hypothetical protein
[09:17:12] Modify product: Uncharacterized protein HI_0755 => putative protein
[09:17:12] Modify product: Uncharacterized protein YibN => putative protein YibN
[09:17:12] Modify product: Probable protein kinase UbiB => putative protein kinase UbiB
[09:17:12] Modify product: Probable transport protein YifK => putative transport protein YifK
[09:17:12] Modify product: Probable ECA polymerase => putative ECA polymerase
[09:17:12] Modify product: UPF0438 protein YifE => hypothetical protein
[09:17:12] Modify product: Uncharacterized MFS-type transporter YhjX => putative MFS-type transporter YhjX
[09:17:12] Modify product: Probable lipoprotein YiaD => putative lipoprotein YiaD
[09:17:12] Modify product: Uncharacterized protein YhcH => putative protein YhcH
[09:17:12] Modify product: Uncharacterized GST-like protein YibF => putative GST-like protein YibF
[09:17:12] Modify product: Uncharacterized protein YibL => putative protein YibL
[09:17:12] Modify product: Uncharacterized protein YihR => putative protein YihR
[09:17:12] Modify product: Uncharacterized protein YfgJ => putative protein YfgJ
[09:17:12] Modify product: UPF0070 protein HI_0370 => hypothetical protein
[09:17:12] Modify product: Uncharacterized protein Rv2307c => putative protein
[09:17:12] Modify product: Probable 3-phenylpropionic acid transporter => putative 3-phenylpropionic acid transporter
[09:17:12] Modify product: Uncharacterized protein YphB => putative protein YphB
[09:17:12] Modify product: Probable cyclic di-GMP phosphodiesterase PdeK => putative cyclic di-GMP phosphodiesterase PdeK
[09:17:12] Modify product: UPF0098 protein YbhB => hypothetical protein
[09:17:12] Modify product: Probable multidrug ABC transporter permease YbhR => putative multidrug ABC transporter permease YbhR
[09:17:12] Modify product: Probable multidrug ABC transporter permease YbhS => putative multidrug ABC transporter permease YbhS
[09:17:12] Modify product: Probable multidrug ABC transporter ATP-binding protein YbhF => putative multidrug ABC transporter ATP-binding protein YbhF
[09:17:12] Modify product: UPF0194 membrane protein YbhG => hypothetical protein
[09:17:12] Modify product: Uncharacterized protein YbiB => putative protein YbiB
[09:17:12] Modify product: Uncharacterized protein YbiI => putative protein YbiI
[09:17:12] Modify product: PKHD-type hydroxylase Sbal_3634 => PKHD-type hydroxylase
[09:17:12] Modify product: Uncharacterized protein McbA => putative protein McbA
[09:17:12] Modify product: Probable L,D-transpeptidase YbiS => putative L,D-transpeptidase YbiS
[09:17:12] Modify product: Uncharacterized ABC transporter ATP-binding protein YbiT => putative ABC transporter ATP-binding protein YbiT
[09:17:12] Modify product: Uncharacterized protein YbiU => putative protein YbiU
[09:17:12] Modify product: Probable cyclic di-GMP phosphodiesterase PdeI => putative cyclic di-GMP phosphodiesterase PdeI
[09:17:12] Modify product: Uncharacterized protein YbjN => putative protein YbjN
[09:17:12] Modify product: Uncharacterized lipoprotein YbjP => putative lipoprotein YbjP
[09:17:12] Modify product: UPF0145 protein YbjQ => hypothetical protein
[09:17:12] Modify product: Uncharacterized protein YjiK => putative protein YjiK
[09:17:12] Modify product: Probable RNA 2'-phosphotransferase => putative RNA 2'-phosphotransferase
[09:17:12] Modify product: Probable major fimbrial subunit LpfA => putative major fimbrial subunit LpfA
[09:17:12] Modify product: Probable N-acetylneuraminic acid outer membrane channel protein NanC => putative N-acetylneuraminic acid outer membrane channel protein NanC
[09:17:12] Modify product: Probable 9-O-acetyl-N-acetylneuraminic acid deacetylase => putative 9-O-acetyl-N-acetylneuraminic acid deacetylase
[09:17:12] Modify product: Uncharacterized protein YjhP => putative protein YjhP
[09:17:12] Modify product: Probable 2-dehydro-3-deoxy-D-pentonate aldolase YjhH => putative 2-dehydro-3-deoxy-D-pentonate aldolase YjhH
[09:17:12] Modify product: Probable mRNA interferase toxin HicA => putative mRNA interferase toxin HicA
[09:17:12] Modify product: 23S rRNA 5-hydroxycytidine C2501 synthase => 23S rRNA 5-hydroxycytidine synthase
[09:17:12] Modify product: Uncharacterized protein Rv3292 => putative protein
[09:17:12] Modify product: Uncharacterized protein YnbD => putative protein YnbD
[09:17:12] Modify product: Uncharacterized protein YnbC => putative protein YnbC
[09:17:12] Modify product: Uncharacterized lipoprotein GfcB => putative lipoprotein GfcB
[09:17:12] Modify product: UPF0337 protein YjbJ => hypothetical protein
[09:17:12] Modify product: Uncharacterized HTH-type transcriptional regulator HI_1476 => putative HTH-type transcriptional regulator
[09:17:12] Modify product: Prophage tail fiber assembly protein homolog TfaE => Prophage tail fiber assembly protein TfaE
[09:17:12] Modify product: Probable amino-acid metabolite efflux pump => putative amino-acid metabolite efflux pump
[09:17:12] Modify product: UPF0056 inner membrane protein MarC => hypothetical protein
[09:17:12] Modify product: Uncharacterized protein YebV => putative protein YebV
[09:17:12] Modify product: Probable hydrolase YcaC => putative hydrolase YcaC
[09:17:12] Modify product: Uncharacterized MFS-type transporter YcaD => putative MFS-type transporter YcaD
[09:17:12] Modify product: Probable formate transporter 1 => putative formate transporter 1
[09:17:12] Modify product: UPF0434 protein YcaR => hypothetical protein
[09:17:12] Modify product: Probable L,D-transpeptidase YcbB => putative L,D-transpeptidase YcbB
[09:17:12] Modify product: Probable autotransporter YfaL => putative autotransporter YfaL
[09:17:13] Modify product: Probable autotransporter ROD_p1121 => putative autotransporter
[09:17:13] Modify product: UPF0352 protein YejL => hypothetical protein
[09:17:13] Modify product: Uncharacterized protein YejG => putative protein YejG
[09:17:13] Modify product: Uncharacterized ABC transporter ATP-binding protein YejF => putative ABC transporter ATP-binding protein YejF
[09:17:13] Modify product: Probable cyclic di-GMP phosphodiesterase PdeN => putative cyclic di-GMP phosphodiesterase PdeN
[09:17:13] Modify product: UPF0153 protein YeiW => hypothetical protein
[09:17:13] Modify product: UPF0324 inner membrane protein YeiH => hypothetical protein
[09:17:13] Modify product: UPF0299 membrane protein YohJ => hypothetical protein
[09:17:13] Modify product: Uncharacterized oxidoreductase YohF => putative oxidoreductase YohF
[09:17:13] Modify product: UPF0387 membrane protein YohO => hypothetical protein
[09:17:13] Modify product: Uncharacterized lipoprotein YehR => putative lipoprotein YehR
[09:17:13] Modify product: Uncharacterized protein YehL => putative protein YehL
[09:17:13] Modify product: Uncharacterized fimbrial-like protein YehD => putative fimbrial-like protein YehD
[09:17:13] Modify product: Probable fimbrial chaperone YehC => putative fimbrial chaperone YehC
[09:17:13] Modify product: Uncharacterized fimbrial-like protein YehA => putative fimbrial-like protein YehA
[09:17:13] Modify product: 23S rRNA 5-hydroxycytidine C2501 synthase => 23S rRNA 5-hydroxycytidine synthase
[09:17:13] Modify product: UPF0339 protein YegP => hypothetical protein
[09:17:13] Modify product: Probable diguanylate cyclase DgcE => putative diguanylate cyclase DgcE
[09:17:13] Modify product: UPF0053 inner membrane protein YoaE => hypothetical protein
[09:17:13] Modify product: Probable cyclic di-GMP phosphodiesterase PdeB => putative cyclic di-GMP phosphodiesterase PdeB
[09:17:13] Modify product: Uncharacterized protein YbaA => putative protein YbaA
[09:17:13] Modify product: Uncharacterized lipoprotein YbaY => putative lipoprotein YbaY
[09:17:13] Modify product: Probable multidrug resistance ABC transporter ATP-binding/permease protein YheI => putative multidrug resistance ABC transporter ATP-binding/permease protein YheI
[09:17:13] Modify product: Uncharacterized protein HI_1008 => putative protein
[09:17:13] Modify product: UPF0234 protein YajQ => hypothetical protein
[09:17:13] Modify product: Uncharacterized lipoprotein YajI => putative lipoprotein YajI
[09:17:13] Modify product: Uncharacterized protein YaiA => putative protein YaiA
[09:17:13] Modify product: UPF0178 protein YaiI => hypothetical protein
[09:17:13] Modify product: Probable diguanylate cyclase DgcC => putative diguanylate cyclase DgcC
[09:17:13] Modify product: Uncharacterized transporter YycB => putative transporter YycB
[09:17:13] Modify product: Uncharacterized HTH-type transcriptional regulator YahB => putative HTH-type transcriptional regulator YahB
[09:17:13] Modify product: Probable pyridine nucleotide-disulfide oxidoreductase RclA => putative pyridine nucleotide-disulfide oxidoreductase RclA
[09:17:13] Modify product: Uncharacterized oxidoreductase YtbE => putative oxidoreductase YtbE
[09:17:13] Modify product: Uncharacterized protein YcjY => putative protein YcjY
[09:17:13] Modify product: Uncharacterized membrane protein YkgR => putative membrane protein YkgR
[09:17:13] Modify product: Probable fimbrial chaperone EcpB => putative fimbrial chaperone EcpB
[09:17:13] Modify product: Probable outer membrane usher protein EcpC => putative outer membrane usher protein EcpC
[09:17:13] Modify product: Probable fimbrial chaperone EcpE => putative fimbrial chaperone EcpE
[09:17:13] Modify product: Uncharacterized protein YbdM => putative protein YbdM
[09:17:13] Modify product: Uncharacterized HTH-type transcriptional regulator YbdO => putative HTH-type transcriptional regulator YbdO
[09:17:13] Modify product: UPF0060 membrane protein YnfA => hypothetical protein
[09:17:13] Modify product: UPF0482 protein YnfB => hypothetical protein
[09:17:13] Modify product: Uncharacterized protein YnfD => putative protein YnfD
[09:17:13] Modify product: Probable dimethyl sulfoxide reductase chain YnfF => putative dimethyl sulfoxide reductase chain YnfF
[09:17:13] Modify product: Uncharacterized oxidoreductase YdgJ => putative oxidoreductase YdgJ
[09:17:13] Modify product: Uncharacterized protein YnhF => putative protein YnhF
[09:17:13] Modify product: Uncharacterized HTH-type transcriptional regulator YahB => putative HTH-type transcriptional regulator YahB
[09:17:13] Modify product: Uncharacterized protein YdhT => putative protein YdhT
[09:17:13] Modify product: Uncharacterized ferredoxin-like protein YdhX => putative ferredoxin-like protein YdhX
[09:17:13] Modify product: Uncharacterized protein YdhW => putative protein YdhW
[09:17:13] Modify product: Uncharacterized oxidoreductase YdhV => putative oxidoreductase YdhV
[09:17:13] Modify product: Uncharacterized ferredoxin-like protein YdhY => putative ferredoxin-like protein YdhY
[09:17:13] Modify product: Probable L,D-transpeptidase YnhG => putative L,D-transpeptidase YnhG
[09:17:13] Modify product: Probable ATP-dependent transporter SufC => putative ATP-dependent transporter SufC
[09:17:13] Modify product: Uncharacterized protein HI_1163 => putative protein
[09:17:13] Modify product: Uncharacterized protein YdiE => putative protein YdiE
[09:17:13] Modify product: Uncharacterized protein YniD => putative protein YniD
[09:17:13] Modify product: Probable ketoamine kinase HMPREF0351_12196 => putative ketoamine kinase
[09:17:13] Modify product: Uncharacterized HTH-type transcriptional regulator YdjF => putative HTH-type transcriptional regulator YdjF
[09:17:13] Modify product: Uncharacterized sugar kinase YdjH => putative sugar kinase YdjH
[09:17:13] Modify product: Uncharacterized protein YdjI => putative protein YdjI
[09:17:13] Modify product: Uncharacterized zinc-type alcohol dehydrogenase-like protein YdjJ => putative zinc-type alcohol dehydrogenase-like protein YdjJ
[09:17:13] Modify product: Stress response UPF0229 protein YhbH => hypothetical protein
[09:17:13] Modify product: Probable diguanylate cyclase CdgI => putative diguanylate cyclase CdgI
[09:17:13] Modify product: Probable diguanylate cyclase DgcJ => putative diguanylate cyclase DgcJ
[09:17:13] Modify product: Uncharacterized protein YeaR => putative protein YeaR
[09:17:13] Modify product: Probable ATP-dependent DNA helicase YoaA => putative ATP-dependent DNA helicase YoaA
[09:17:13] Modify product: Probable cyclic di-GMP phosphodiesterase PdeD => putative cyclic di-GMP phosphodiesterase PdeD
[09:17:13] Modify product: UPF0053 inner membrane protein YoaE => hypothetical protein
[09:17:13] Modify product: UPF0266 membrane protein YobD => hypothetical protein
[09:17:13] Modify product: Probable manganese efflux pump MntP => putative manganese efflux pump MntP
[09:17:13] Modify product: Uncharacterized membrane protein YhdT => putative membrane protein YhdT
[09:17:13] Modify product: Probable acrylyl-CoA reductase AcuI => putative acrylyl-CoA reductase AcuI
[09:17:13] Modify product: Uncharacterized protein YhcO => putative protein YhcO
[09:17:13] Modify product: Uncharacterized HTH-type transcriptional regulator YbdO => putative HTH-type transcriptional regulator YbdO
[09:17:13] Modify product: UPF0250 protein YbeD => hypothetical protein
[09:17:13] Modify product: Uncharacterized lipoprotein ChiQ => putative lipoprotein ChiQ
[09:17:13] Modify product: Uncharacterized protein YbfE => putative protein YbfE
[09:17:13] Modify product: GTP cyclohydrolase 1 type 2 homolog => GTP cyclohydrolase 1 type 2 
[09:17:13] Modify product: Uncharacterized fimbrial-like protein YbgD => putative fimbrial-like protein YbgD
[09:17:13] Modify product: Probable cyclic di-GMP phosphodiesterase PdeG => putative cyclic di-GMP phosphodiesterase PdeG
[09:17:13] Modify product: Uncharacterized protein YmgD => putative protein YmgD
[09:17:13] Modify product: UPF0757 protein YmgG => hypothetical protein
[09:17:13] Modify product: Probable autotransporter ROD_p1121 => putative autotransporter
[09:17:13] Modify product: Uncharacterized protein YcgM => putative protein YcgM
[09:17:13] Modify product: Uncharacterized ABC transporter ATP-binding protein HI_1470 => putative ABC transporter ATP-binding protein
[09:17:13] Modify product: Probable ABC transporter permease protein HI_1471 => putative ABC transporter permease protein
[09:17:13] Modify product: UPF0225 protein YchJ => hypothetical protein
[09:17:13] Modify product: Uncharacterized NTE family protein Rv1063c => putative NTE family protein
[09:17:13] Modify product: UPF0056 inner membrane protein MarC => hypothetical protein
[09:17:13] Modify product: UPF0263 protein YciU => hypothetical protein
[09:17:13] Modify product: Uncharacterized acyl-CoA thioester hydrolase HI_0827 => putative acyl-CoA thioester hydrolase
[09:17:13] Modify product: Probable intracellular septation protein A => putative intracellular septation protein A
[09:17:13] Modify product: UPF0259 membrane protein YciC => hypothetical protein
[09:17:13] Modify product: Uncharacterized protein YciO => putative protein YciO
[09:17:13] Modify product: Uncharacterized oxidoreductase YciK => putative oxidoreductase YciK
[09:17:13] Modify product: Probable protease SohB => putative protease SohB
[09:17:13] Modify product: Uncharacterized protein YciH => putative protein YciH
[09:17:13] Modify product: UPF0509 protein YciZ => hypothetical protein
[09:17:13] Modify product: Uncharacterized protein HI_1162 => putative protein
[09:17:13] Modify product: Uncharacterized protein YcjX => putative protein YcjX
[09:17:13] Modify product: UPF0283 membrane protein YcjF => hypothetical protein
[09:17:13] Modify product: Uncharacterized protein YcjY => putative protein YcjY
[09:17:14] Modify product: Probable DNA endonuclease SmrA => putative DNA endonuclease SmrA
[09:17:14] Modify product: Uncharacterized protein YdfR => putative protein YdfR
[09:17:14] Modify product: Probable Ni/Fe-hydrogenase 1 B-type cytochrome subunit => putative Ni/Fe-hydrogenase 1 B-type cytochrome subunit
[09:17:14] Modify product: Uncharacterized protein YccJ => putative protein YccJ
[09:17:14] Modify product: Probable malonic semialdehyde reductase RutE => putative malonic semialdehyde reductase RutE
[09:17:14] Modify product: Probable phosphatase YcdX => putative phosphatase YcdX
[09:17:14] Modify product: Uncharacterized protein YmdA => putative protein YmdA
[09:17:14] Modify product: UPF0176 protein YceA => hypothetical protein
[09:17:14] Modify product: Cytochrome b561 homolog 2 => Cytochrome b561 
[09:17:14] Modify product: Uncharacterized protein YceO => putative protein YceO
[09:17:14] Modify product: Uncharacterized lipoprotein YceB => putative lipoprotein YceB
[09:17:14] Modify product: UPF0502 protein YceH => hypothetical protein
[09:17:14] Modify product: Uncharacterized metal-dependent hydrolase YcfH => putative metal-dependent hydrolase YcfH
[09:17:14] Modify product: UPF0227 protein YcfP => hypothetical protein
[09:17:14] Modify product: Probable L,D-transpeptidase YcfS => putative L,D-transpeptidase YcfS
[09:17:14] Modify product: UPF0149 protein HI_0817 => hypothetical protein
[09:17:14] Modify product: UPF0267 protein YqfB => hypothetical protein
[09:17:14] Modify product: UPF0073 inner membrane protein YqfA => hypothetical protein
[09:17:14] Modify product: Uncharacterized protein YqfG => putative protein YqfG
[09:17:14] Modify product: Probable ATP synthase SpaL => putative ATP synthase SpaL
[09:17:14] Modify product: Uncharacterized lipoprotein YgdR => putative lipoprotein YgdR
[09:17:14] Modify product: UPF0053 inner membrane protein YgdQ => hypothetical protein
[09:17:14] Modify product: Uncharacterized lipoprotein YgdR => putative lipoprotein YgdR
[09:17:14] Modify product: UPF0382 inner membrane protein YgdD => hypothetical protein
[09:17:14] Modify product: Uncharacterized HTH-type transcriptional regulator YdjF => putative HTH-type transcriptional regulator YdjF
[09:17:14] Modify product: Uncharacterized protein YqcC => putative protein YqcC
[09:17:14] Modify product: Uncharacterized protein PA3435 => putative protein
[09:17:14] Modify product: Probable glucarate transporter => putative glucarate transporter
[09:17:14] Modify product: Uncharacterized protein YgcP => putative protein YgcP
[09:17:14] Modify product: Probable UbiX-like flavin prenyltransferase => putative UbiX-like flavin prenyltransferase
[09:17:14] Modify product: Probable transporter SCO4007 => putative transporter
[09:17:14] Modify product: Uncharacterized protein YgaM => putative protein YgaM
[09:17:14] Modify product: Probable HTH-type transcriptional regulator YgaV => putative HTH-type transcriptional regulator YgaV
[09:17:14] Modify product: Probable autotransporter ROD_p1121 => putative autotransporter
[09:17:14] Modify product: UPF0125 protein RatB => hypothetical protein
[09:17:14] Modify product: UPF0053 inner membrane protein YfjD => hypothetical protein
[09:17:14] Modify product: Probable transport protein HsrA => putative transport protein HsrA
[09:17:14] Modify product: Probable outer membrane usher protein ElfC => putative outer membrane usher protein ElfC
[09:17:14] Modify product: Probable minor fimbrial subunit LpfD => putative minor fimbrial subunit LpfD
[09:17:14] Modify product: Probable 2-dehydro-3-deoxygalactonokinase DgoK1 => putative 2-dehydro-3-deoxygalactonokinase DgoK1
[09:17:14] Modify product: Uncharacterized symporter YidK => putative symporter YidK
[09:17:14] Modify product: Uncharacterized protein YhcH => putative protein YhcH
[09:17:14] Modify product: Uncharacterized protein YrbL => putative protein YrbL
[09:17:14] Modify product: Uncharacterized inner membrane transporter YhbE => putative inner membrane transporter YhbE
[09:17:14] Modify product: Uncharacterized protease YhbU => putative protease YhbU
[09:17:14] Modify product: UPF0213 protein BH0048 => hypothetical protein
[09:17:14] Modify product: Probable galactarate transporter => putative galactarate transporter
[09:17:14] Modify product: Probable serine transporter => putative serine transporter
[09:17:14] Modify product: UPF0597 protein YhaM => hypothetical protein
[09:17:14] Modify product: Uncharacterized protein YqjD => putative protein YqjD
[09:17:14] Modify product: Probable glycerol-3-phosphate acyltransferase => putative glycerol-3-phosphate acyltransferase
[09:17:14] Modify product: Probable quinol monooxygenase YgiN => putative quinol monooxygenase YgiN
[09:17:14] Modify product: Probable deoxycholate-binding periplasmic protein YgiS => putative deoxycholate-binding periplasmic protein YgiS
[09:17:14] Modify product: Solute-binding protein Bpro_3107 => Solute-binding protein
[09:17:14] Modify product: Uncharacterized oxidoreductase YjmC => putative oxidoreductase YjmC
[09:17:14] Modify product: Uncharacterized oxidoreductase YghA => putative oxidoreductase YghA
[09:17:14] Modify product: Probable Ni/Fe-hydrogenase 2 b-type cytochrome subunit => putative Ni/Fe-hydrogenase 2 b-type cytochrome subunit
[09:17:14] Modify product: Uncharacterized fimbrial-like protein SfmF => putative fimbrial-like protein SfmF
[09:17:14] Modify product: Uncharacterized fimbrial-like protein SfmH => putative fimbrial-like protein SfmH
[09:17:14] Modify product: Probable fimbrial chaperone SfmC => putative fimbrial chaperone SfmC
[09:17:14] Modify product: Uncharacterized fimbrial-like protein SfmA => putative fimbrial-like protein SfmA
[09:17:14] Modify product: Bifunctional protein FolD => Bifunctional protein FolD protein
[09:17:14] Modify product: Uncharacterized protein YbcJ => putative protein YbcJ
[09:17:14] Modify product: Probable iron export permease protein FetB => putative iron export permease protein FetB
[09:17:14] Modify product: Probable iron export ATP-binding protein FetA => putative iron export ATP-binding protein FetA
[09:17:14] Modify product: Uncharacterized protein YcbX => putative protein YcbX
[09:17:14] Modify product: UPF0319 protein HI_1681 => hypothetical protein
[09:17:14] Modify product: Uncharacterized protein YccU => putative protein YccU
[09:17:14] Modify product: Probable 4-deoxy-4-formamido-L-arabinose-phosphoundecaprenol deformylase ArnD => putative 4-deoxy-4-formamido-L-arabinose-phosphoundecaprenol deformylase ArnD
[09:17:14] Modify product: Probable 4-amino-4-deoxy-L-arabinose-phosphoundecaprenol flippase subunit ArnE => putative 4-amino-4-deoxy-L-arabinose-phosphoundecaprenol flippase subunit ArnE
[09:17:14] Modify product: Probable 4-amino-4-deoxy-L-arabinose-phosphoundecaprenol flippase subunit ArnF => putative 4-amino-4-deoxy-L-arabinose-phosphoundecaprenol flippase subunit ArnF
[09:17:14] Modify product: UPF0304 protein YfbU => hypothetical protein
[09:17:14] Modify product: UPF0208 membrane protein YfbV => hypothetical protein
[09:17:14] Modify product: Uncharacterized Nudix hydrolase YfcD => putative Nudix hydrolase YfcD
[09:17:14] Modify product: Epimerase family protein SA0724 => Epimerase family protein
[09:17:14] Modify product: Uncharacterized MFS-type transporter YfcJ => putative MFS-type transporter YfcJ
[09:17:14] Modify product: Probable membrane transporter protein YfcA => putative membrane transporter protein YfcA
[09:17:14] Modify product: Uncharacterized protein YfcO => putative protein YfcO
[09:17:14] Modify product: Uncharacterized fimbrial-like protein YfcP => putative fimbrial-like protein YfcP
[09:17:14] Modify product: Uncharacterized fimbrial-like protein YfcQ => putative fimbrial-like protein YfcQ
[09:17:14] Modify product: Uncharacterized fimbrial-like protein YfcR => putative fimbrial-like protein YfcR
[09:17:14] Modify product: Probable fimbrial chaperone YfcS => putative fimbrial chaperone YfcS
[09:17:14] Modify product: Uncharacterized fimbrial-like protein YfcV => putative fimbrial-like protein YfcV
[09:17:14] Modify product: UPF0381 protein YiiS => hypothetical protein
[09:17:14] Modify product: Probable multidrug resistance protein EmrY => putative multidrug resistance protein EmrY
[09:17:14] Modify product: Probable multidrug resistance protein EmrK => putative multidrug resistance protein EmrK
[09:17:15] Modify product: Probable cyclic di-GMP phosphodiesterase PdeA => putative cyclic di-GMP phosphodiesterase PdeA
[09:17:15] Modify product: Uncharacterized protein YfeY => putative protein YfeY
[09:17:15] Modify product: Uncharacterized protein Rv2575 => putative protein
[09:17:15] Modify product: Probable formate transporter 2 => putative formate transporter 2
[09:17:15] Modify product: Uncharacterized protein YfgD => putative protein YfgD
[09:17:15] Modify product: UPF0394 inner membrane protein YedE => hypothetical protein
[09:17:15] Modify product: Uncharacterized N-acetyltransferase YsnE => putative N-acetyltransferase YsnE
[09:17:15] Modify product: Probable diguanylate cyclase DgcQ => putative diguanylate cyclase DgcQ
[09:17:15] Modify product: Uncharacterized inner membrane transporter YedA => putative inner membrane transporter YedA
[09:17:15] Modify product: Uncharacterized protein YedJ => putative protein YedJ
[09:17:15] Modify product: Putative multidrug export ATP-binding/permease protein SAV1866 => Putative multidrug export ATP-binding/permease protein
[09:17:15] Modify product: Uncharacterized ABC transporter ATP-binding protein YheS => putative ABC transporter ATP-binding protein YheS
[09:17:15] Modify product: Probable transcriptional regulatory protein YeeN => putative transcriptional regulatory protein YeeN
[09:17:15] Modify product: Probable FMN/FAD exporter YeeO => putative FMN/FAD exporter YeeO
[09:17:15] Modify product: Probable L,D-transpeptidase ErfK/SrfK => putative L,D-transpeptidase ErfK/SrfK
[09:17:15] Modify product: UPF0307 protein YjgA => hypothetical protein
[09:17:15] Modify product: UPF0053 inner membrane protein YtfL => hypothetical protein
[09:17:15] Modify product: Uncharacterized protein YtfJ => putative protein YtfJ
[09:17:15] Modify product: Probable HTH-type transcriptional regulator LgoR => putative HTH-type transcriptional regulator LgoR
[09:17:15] Modify product: UPF0442 protein YjjB => hypothetical protein
[09:17:15] Modify product: Uncharacterized metal-dependent hydrolase YjjV => putative metal-dependent hydrolase YjjV
[09:17:15] Modify product: Uncharacterized protein YjjI => putative protein YjjI
[09:17:15] Modify product: Probable inner membrane protein Smp => putative inner membrane protein Smp
[09:17:15] Modify product: Probable fimbrial chaperone YehC => putative fimbrial chaperone YehC
[09:17:15] Modify product: Uncharacterized fimbrial-like protein YehD => putative fimbrial-like protein YehD
[09:17:15] Modify product: Probable peptidoglycan glycosyltransferase FtsW => putative peptidoglycan glycosyltransferase FtsW
[09:17:15] Modify product: UPF0231 protein YacL => hypothetical protein
[09:17:15] Modify product: Uncharacterized ABC transporter ATP-binding protein YadG => putative ABC transporter ATP-binding protein YadG
[09:17:15] Modify product: Uncharacterized fimbrial-like protein YadC => putative fimbrial-like protein YadC
[09:17:15] Modify product: Uncharacterized fimbrial-like protein YadK => putative fimbrial-like protein YadK
[09:17:15] Modify product: Uncharacterized fimbrial-like protein YadM => putative fimbrial-like protein YadM
[09:17:15] Modify product: Probable fimbrial chaperone YadV => putative fimbrial chaperone YadV
[09:17:15] Modify product: Uncharacterized fimbrial-like protein YadN => putative fimbrial-like protein YadN
[09:17:15] Modify product: UPF0126 inner membrane protein YadS => hypothetical protein
[09:17:15] Modify product: UPF0253 protein YaeP => hypothetical protein
[09:17:15] Modify product: Uncharacterized protein YaeQ => putative protein YaeQ
[09:17:15] Modify product: Uncharacterized protein HI_0933 => putative protein
[09:17:15] Modify product: Uncharacterized MFS-type transporter YhhS => putative MFS-type transporter YhhS
[09:17:15] Modify product: Uncharacterized protein YhhA => putative protein YhhA
[09:17:15] Modify product: Uncharacterized oxidoreductase YhhX => putative oxidoreductase YhhX
[09:17:15] Modify product: UPF0056 inner membrane protein YhgN => hypothetical protein
[09:17:15] Modify product: Probable outer membrane usher protein ElfC => putative outer membrane usher protein ElfC
[09:17:15] Modify product: Uncharacterized fimbrial-like protein YcbU => putative fimbrial-like protein YcbU
[09:17:15] Modify product: Uncharacterized fimbrial-like protein YcbV => putative fimbrial-like protein YcbV
[09:17:15] Modify product: Uncharacterized fimbrial chaperone YcbF => putative fimbrial chaperone YcbF
[09:17:15] Modify product: Probable [Fe-S]-dependent transcriptional repressor FeoC => putative [Fe-S]-dependent transcriptional repressor FeoC
[09:17:15] Modify product: Putative membrane protein IgaA homolog => Putative membrane protein IgaA 
[09:17:15] Modify product: Uncharacterized protein YhfX => putative protein YhfX
[09:17:15] Modify product: Uncharacterized protein YhfS => putative protein YhfS
[09:17:15] Modify product: Uncharacterized protein YhfG => putative protein YhfG
[09:17:15] Modify product: Probable protein adenylyltransferase Fic => putative protein adenylyltransferase Fic
[09:17:15] Modify product: UPF0270 protein PA3463 => hypothetical protein
[09:17:15] Cleaned 361 /product names
[09:17:15] Deleting unwanted file: 005/prokka_results/wayao.sprot.tmp.1022853.faa
[09:17:15] Deleting unwanted file: 005/prokka_results/wayao.sprot.tmp.1022853.blast
[09:17:16] There are still 1223 unannotated CDS left (started with 4812)
[09:17:16] Will use hmmer3 to search against /home/lijianhai/miniconda3/envs/prokka/db/hmm/HAMAP.hmm with 8 CPUs
[09:17:16] Running: cat 005\/prokka_results\/wayao\.HAMAP\.hmm\.tmp\.1022853\.faa | parallel --gnu --plain -j 8 --block 20116 --recstart '>' --pipe hmmscan --noali --notextw --acc -E 1e-09 --cpu 1 /home/lijianhai/miniconda3/envs/prokka/db/hmm/HAMAP.hmm /dev/stdin > 005\/prokka_results\/wayao\.HAMAP\.hmm\.tmp\.1022853\.hmmer3 2> /dev/null
[09:17:26] Modify product: Uncharacterized Nudix hydrolase NudL => putative Nudix hydrolase NudL
[09:17:26] Cleaned 1 /product names
[09:17:26] Deleting unwanted file: 005/prokka_results/wayao.HAMAP.hmm.tmp.1022853.faa
[09:17:26] Deleting unwanted file: 005/prokka_results/wayao.HAMAP.hmm.tmp.1022853.hmmer3
[09:17:26] Labelling remaining 1139 proteins as 'hypothetical protein'
[09:17:26] Possible /pseudo 'IS1 family transposase IS1N' at k141_66 position 9268
[09:17:26] Possible /pseudo 'IS91 family transposase ISEc37' at k141_70 position 1309
[09:17:26] Possible /pseudo 'IS3 family transposase ISKpn38' at k141_82 position 689
[09:17:26] Possible /pseudo 'Manganese transport system membrane protein MntB' at k141_54 position 12768
[09:17:26] Possible /pseudo 'Formate dehydrogenase, nitrate-inducible, major subunit' at k141_110 position 22956
[09:17:26] Possible /pseudo 'ISKra4 family transposase ISCep1' at k141_177 position 27531
[09:17:26] Possible /pseudo 'ISAs1 family transposase ISEc1' at k141_167 position 26293
[09:17:26] Possible /pseudo 'Putative 2,3-dihydroxypropane-1-sulfonate exporter' at k141_169 position 4430
[09:17:26] Possible /pseudo 'Formate dehydrogenase-O major subunit' at k141_169 position 25717
[09:17:26] Possible /pseudo 'Formate dehydrogenase H' at k141_194 position 39774
[09:17:26] Possible /pseudo 'Small toxic polypeptide LdrD' at k141_171 position 8721
[09:17:26] Possible /pseudo 'Cellulose synthase catalytic subunit [UDP-forming]' at k141_171 position 13928
[09:17:26] Possible /pseudo 'Cellulose synthase operon protein C' at k141_171 position 21185
[09:17:26] Possible /pseudo 'HTH-type transcriptional regulator PgrR' at k141_212 position 238206
[09:17:26] Possible /pseudo 'Small toxic polypeptide LdrA' at k141_204 position 59907
[09:17:26] Possible /pseudo 'IS3 family transposase ISEc17' at k141_205 position 102263
[09:17:26] Found 3171 unique /gene codes.
[09:17:26] Fixed 2 duplicate /gene - mlc_1 mlc_2
[09:17:26] Fixed 2 duplicate /gene - bcr_1 bcr_2
[09:17:26] Fixed 2 duplicate /gene - rtcB_1 rtcB_2
[09:17:26] Fixed 2 duplicate /gene - yhhT_1 yhhT_2
[09:17:26] Fixed 2 duplicate /gene - osmY_1 osmY_2
[09:17:26] Fixed 2 duplicate /gene - fdnH_1 fdnH_2
[09:17:26] Fixed 2 duplicate /gene - bioF_1 bioF_2
[09:17:26] Fixed 2 duplicate /gene - oppA_1 oppA_2
[09:17:26] Fixed 2 duplicate /gene - fumA_1 fumA_2
[09:17:26] Fixed 2 duplicate /gene - fes_1 fes_2
[09:17:26] Fixed 2 duplicate /gene - fimG_1 fimG_2
[09:17:26] Fixed 6 duplicate /gene - dmlR_1 dmlR_2 dmlR_3 dmlR_4 dmlR_5 dmlR_6
[09:17:26] Fixed 2 duplicate /gene - pncC_1 pncC_2
[09:17:26] Fixed 2 duplicate /gene - exuT_1 exuT_2
[09:17:26] Fixed 2 duplicate /gene - kdgK_1 kdgK_2
[09:17:26] Fixed 2 duplicate /gene - crcB_1 crcB_2
[09:17:26] Fixed 2 duplicate /gene - aaeA_1 aaeA_2
[09:17:26] Fixed 2 duplicate /gene - eno_1 eno_2
[09:17:26] Fixed 2 duplicate /gene - yahB_1 yahB_2
[09:17:26] Fixed 4 duplicate /gene - intA_1 intA_2 intA_3 intA_4
[09:17:26] Fixed 2 duplicate /gene - xerD_1 xerD_2
[09:17:26] Fixed 5 duplicate /gene - srlR_1 srlR_2 srlR_3 srlR_4 srlR_5
[09:17:26] Fixed 2 duplicate /gene - srmB_1 srmB_2
[09:17:26] Fixed 2 duplicate /gene - umuD_1 umuD_2
[09:17:26] Fixed 2 duplicate /gene - nadC_1 nadC_2
[09:17:26] Fixed 2 duplicate /gene - msbA_1 msbA_2
[09:17:26] Fixed 2 duplicate /gene - ygdR_1 ygdR_2
[09:17:26] Fixed 2 duplicate /gene - kbaY_1 kbaY_2
[09:17:26] Fixed 2 duplicate /gene - ftsA_1 ftsA_2
[09:17:26] Fixed 2 duplicate /gene - ampG_1 ampG_2
[09:17:26] Fixed 2 duplicate /gene - rfaH_1 rfaH_2
[09:17:26] Fixed 2 duplicate /gene - yehC_1 yehC_2
[09:17:26] Fixed 2 duplicate /gene - ftnA_1 ftnA_2
[09:17:26] Fixed 4 duplicate /gene - rhaS_1 rhaS_2 rhaS_3 rhaS_4
[09:17:26] Fixed 5 duplicate /gene - pgrR_1 pgrR_2 pgrR_3 pgrR_4 pgrR_5
[09:17:26] Fixed 2 duplicate /gene - cysE_1 cysE_2
[09:17:26] Fixed 2 duplicate /gene - glmS_1 glmS_2
[09:17:26] Fixed 2 duplicate /gene - fryA_1 fryA_2
[09:17:26] Fixed 2 duplicate /gene - artM_1 artM_2
[09:17:26] Fixed 2 duplicate /gene - yggR_1 yggR_2
[09:17:26] Fixed 3 duplicate /gene - fixB_1 fixB_2 fixB_3
[09:17:26] Fixed 2 duplicate /gene - focC_1 focC_2
[09:17:26] Fixed 2 duplicate /gene - mglA_1 mglA_2
[09:17:26] Fixed 2 duplicate /gene - ompD_1 ompD_2
[09:17:26] Fixed 2 duplicate /gene - xdhA_1 xdhA_2
[09:17:26] Fixed 2 duplicate /gene - ybdO_1 ybdO_2
[09:17:26] Fixed 2 duplicate /gene - ccmF_1 ccmF_2
[09:17:26] Fixed 2 duplicate /gene - yhaJ_1 yhaJ_2
[09:17:26] Fixed 2 duplicate /gene - caiA_1 caiA_2
[09:17:26] Fixed 2 duplicate /gene - nanR_1 nanR_2
[09:17:26] Fixed 2 duplicate /gene - tam_1 tam_2
[09:17:26] Fixed 2 duplicate /gene - srlB_1 srlB_2
[09:17:26] Fixed 2 duplicate /gene - pdhR_1 pdhR_2
[09:17:26] Fixed 2 duplicate /gene - coaA_1 coaA_2
[09:17:26] Fixed 2 duplicate /gene - gntR_1 gntR_2
[09:17:26] Fixed 2 duplicate /gene - ydgA_1 ydgA_2
[09:17:26] Fixed 2 duplicate /gene - ulaE_1 ulaE_2
[09:17:26] Fixed 3 duplicate /gene - ydcV_1 ydcV_2 ydcV_3
[09:17:26] Fixed 2 duplicate /gene - yhcH_1 yhcH_2
[09:17:26] Fixed 3 duplicate /gene - fabF_1 fabF_2 fabF_3
[09:17:26] Fixed 2 duplicate /gene - fimD_1 fimD_2
[09:17:26] Fixed 2 duplicate /gene - malP_1 malP_2
[09:17:26] Fixed 2 duplicate /gene - kefC_1 kefC_2
[09:17:26] Fixed 2 duplicate /gene - gltC_1 gltC_2
[09:17:26] Fixed 2 duplicate /gene - aaeB_1 aaeB_2
[09:17:26] Fixed 2 duplicate /gene - sapB_1 sapB_2
[09:17:26] Fixed 2 duplicate /gene - mdh_1 mdh_2
[09:17:26] Fixed 3 duplicate /gene - lldR_1 lldR_2 lldR_3
[09:17:26] Fixed 2 duplicate /gene - ydhX_1 ydhX_2
[09:17:26] Fixed 2 duplicate /gene - acrB_1 acrB_2
[09:17:26] Fixed 2 duplicate /gene - mepS_1 mepS_2
[09:17:26] Fixed 2 duplicate /gene - xylB_1 xylB_2
[09:17:26] Fixed 2 duplicate /gene - hcpA_1 hcpA_2
[09:17:26] Fixed 2 duplicate /gene - ttdT_1 ttdT_2
[09:17:26] Fixed 2 duplicate /gene - lon_1 lon_2
[09:17:26] Fixed 2 duplicate /gene - opgE_1 opgE_2
[09:17:26] Fixed 2 duplicate /gene - argP_1 argP_2
[09:17:26] Fixed 2 duplicate /gene - slp_1 slp_2
[09:17:26] Fixed 2 duplicate /gene - kdgR_1 kdgR_2
[09:17:26] Fixed 2 duplicate /gene - lolD_1 lolD_2
[09:17:26] Fixed 2 duplicate /gene - melR_1 melR_2
[09:17:26] Fixed 2 duplicate /gene - yihP_1 yihP_2
[09:17:26] Fixed 3 duplicate /gene - gatB_1 gatB_2 gatB_3
[09:17:26] Fixed 2 duplicate /gene - gspA_1 gspA_2
[09:17:26] Fixed 2 duplicate /gene - lptG_1 lptG_2
[09:17:26] Fixed 2 duplicate /gene - dnaK_1 dnaK_2
[09:17:26] Fixed 2 duplicate /gene - dcuD_1 dcuD_2
[09:17:26] Fixed 2 duplicate /gene - bcsC_1 bcsC_2
[09:17:26] Fixed 2 duplicate /gene - proA_1 proA_2
[09:17:26] Fixed 2 duplicate /gene - argE_1 argE_2
[09:17:26] Fixed 2 duplicate /gene - dctA_1 dctA_2
[09:17:26] Fixed 2 duplicate /gene - ompN_1 ompN_2
[09:17:26] Fixed 2 duplicate /gene - dmsC_1 dmsC_2
[09:17:26] Fixed 2 duplicate /gene - pphA_1 pphA_2
[09:17:26] Fixed 2 duplicate /gene - papC_1 papC_2
[09:17:26] Fixed 2 duplicate /gene - lutA_1 lutA_2
[09:17:26] Fixed 2 duplicate /gene - cytR_1 cytR_2
[09:17:26] Fixed 2 duplicate /gene - hflC_1 hflC_2
[09:17:26] Fixed 2 duplicate /gene - yvgN_1 yvgN_2
[09:17:26] Fixed 2 duplicate /gene - fdhF_1 fdhF_2
[09:17:26] Fixed 2 duplicate /gene - ligA_1 ligA_2
[09:17:26] Fixed 2 duplicate /gene - gntK_1 gntK_2
[09:17:26] Fixed 2 duplicate /gene - ygcS_1 ygcS_2
[09:17:26] Fixed 2 duplicate /gene - hchA_1 hchA_2
[09:17:26] Fixed 2 duplicate /gene - kefF_1 kefF_2
[09:17:26] Fixed 2 duplicate /gene - nuoL_1 nuoL_2
[09:17:26] Fixed 2 duplicate /gene - acrR_1 acrR_2
[09:17:26] Fixed 2 duplicate /gene - lolA_1 lolA_2
[09:17:26] Fixed 2 duplicate /gene - yrdA_1 yrdA_2
[09:17:26] Fixed 2 duplicate /gene - prfA_1 prfA_2
[09:17:26] Fixed 2 duplicate /gene - yicJ_1 yicJ_2
[09:17:26] Fixed 2 duplicate /gene - rop_1 rop_2
[09:17:26] Fixed 2 duplicate /gene - cutC_1 cutC_2
[09:17:26] Fixed 2 duplicate /gene - srlA_1 srlA_2
[09:17:26] Fixed 2 duplicate /gene - kduD_1 kduD_2
[09:17:26] Fixed 3 duplicate /gene - hdfR_1 hdfR_2 hdfR_3
[09:17:26] Fixed 3 duplicate /gene - rbsC_1 rbsC_2 rbsC_3
[09:17:26] Fixed 2 duplicate /gene - kptA_1 kptA_2
[09:17:26] Fixed 2 duplicate /gene - ccmH_1 ccmH_2
[09:17:26] Fixed 2 duplicate /gene - iolS_1 iolS_2
[09:17:26] Fixed 3 duplicate /gene - fimA_1 fimA_2 fimA_3
[09:17:26] Fixed 2 duplicate /gene - arcC2_1 arcC2_2
[09:17:26] Fixed 2 duplicate /gene - hcaR_1 hcaR_2
[09:17:26] Fixed 2 duplicate /gene - fixA_1 fixA_2
[09:17:26] Fixed 2 duplicate /gene - pspB_1 pspB_2
[09:17:26] Fixed 2 duplicate /gene - lptB_1 lptB_2
[09:17:26] Fixed 2 duplicate /gene - fryB_1 fryB_2
[09:17:26] Fixed 3 duplicate /gene - lexA_1 lexA_2 lexA_3
[09:17:26] Fixed 2 duplicate /gene - ygiW_1 ygiW_2
[09:17:26] Fixed 2 duplicate /gene - ptsH_1 ptsH_2
[09:17:26] Fixed 2 duplicate /gene - iutA_1 iutA_2
[09:17:26] Fixed 2 duplicate /gene - prs_1 prs_2
[09:17:26] Fixed 2 duplicate /gene - dmsB_1 dmsB_2
[09:17:26] Fixed 3 duplicate /gene - flu_1 flu_2 flu_3
[09:17:26] Fixed 2 duplicate /gene - yajO_1 yajO_2
[09:17:26] Fixed 2 duplicate /gene - mngR_1 mngR_2
[09:17:26] Fixed 2 duplicate /gene - deoR_1 deoR_2
[09:17:26] Fixed 3 duplicate /gene - norR_1 norR_2 norR_3
[09:17:26] Fixed 2 duplicate /gene - oxyR_1 oxyR_2
[09:17:26] Fixed 2 duplicate /gene - nohA_1 nohA_2
[09:17:26] Fixed 3 duplicate /gene - gatC_1 gatC_2 gatC_3
[09:17:26] Fixed 2 duplicate /gene - trmH_1 trmH_2
[09:17:26] Fixed 2 duplicate /gene - ndhB_1 ndhB_2
[09:17:26] Fixed 2 duplicate /gene - paoA_1 paoA_2
[09:17:26] Fixed 2 duplicate /gene - lldP_1 lldP_2
[09:17:26] Fixed 2 duplicate /gene - oleD_1 oleD_2
[09:17:26] Fixed 2 duplicate /gene - dbpA_1 dbpA_2
[09:17:26] Fixed 2 duplicate /gene - esiB_1 esiB_2
[09:17:26] Fixed 2 duplicate /gene - nhaK_1 nhaK_2
[09:17:26] Fixed 2 duplicate /gene - dnaT_1 dnaT_2
[09:17:26] Fixed 5 duplicate /gene - rhaR_1 rhaR_2 rhaR_3 rhaR_4 rhaR_5
[09:17:26] Fixed 2 duplicate /gene - ulaA_1 ulaA_2
[09:17:26] Fixed 2 duplicate /gene - fabG_1 fabG_2
[09:17:26] Fixed 3 duplicate /gene - potA_1 potA_2 potA_3
[09:17:26] Fixed 2 duplicate /gene - psuK_1 psuK_2
[09:17:26] Fixed 2 duplicate /gene - fdnG_1 fdnG_2
[09:17:26] Fixed 2 duplicate /gene - era_1 era_2
[09:17:26] Fixed 2 duplicate /gene - fimH_1 fimH_2
[09:17:26] Fixed 3 duplicate /gene - dapH_1 dapH_2 dapH_3
[09:17:26] Fixed 2 duplicate /gene - fucA_1 fucA_2
[09:17:26] Fixed 3 duplicate /gene - arnC_1 arnC_2 arnC_3
[09:17:26] Fixed 2 duplicate /gene - lgoD_1 lgoD_2
[09:17:26] Fixed 2 duplicate /gene - yehD_1 yehD_2
[09:17:26] Fixed 2 duplicate /gene - yhdJ_1 yhdJ_2
[09:17:26] Fixed 2 duplicate /gene - elfC_1 elfC_2
[09:17:26] Fixed 3 duplicate /gene - glnQ_1 glnQ_2 glnQ_3
[09:17:26] Fixed 2 duplicate /gene - idnT_1 idnT_2
[09:17:26] Fixed 4 duplicate /gene - klcA_1 klcA_2 klcA_3 klcA_4
[09:17:26] Fixed 3 duplicate /gene - folP_1 folP_2 folP_3
[09:17:26] Fixed 2 duplicate /gene - aroH_1 aroH_2
[09:17:26] Fixed 2 duplicate /gene - umuC_1 umuC_2
[09:17:26] Fixed 2 duplicate /gene - gstB_1 gstB_2
[09:17:26] Fixed 2 duplicate /gene - deoB_1 deoB_2
[09:17:26] Fixed 6 duplicate /gene - xerC_1 xerC_2 xerC_3 xerC_4 xerC_5 xerC_6
[09:17:26] Fixed 2 duplicate /gene - lsrK_1 lsrK_2
[09:17:26] Fixed 2 duplicate /gene - sicA_1 sicA_2
[09:17:26] Fixed 2 duplicate /gene - murR_1 murR_2
[09:17:26] Fixed 2 duplicate /gene - dadA_1 dadA_2
[09:17:26] Fixed 2 duplicate /gene - ycjY_1 ycjY_2
[09:17:26] Fixed 2 duplicate /gene - katG_1 katG_2
[09:17:26] Fixed 2 duplicate /gene - bioD1_1 bioD1_2
[09:17:26] Fixed 2 duplicate /gene - mtlA_1 mtlA_2
[09:17:26] Fixed 3 duplicate /gene - ompX_1 ompX_2 ompX_3
[09:17:26] Fixed 2 duplicate /gene - gltR_1 gltR_2
[09:17:26] Fixed 2 duplicate /gene - hycG_1 hycG_2
[09:17:26] Fixed 2 duplicate /gene - fdrA_1 fdrA_2
[09:17:26] Fixed 2 duplicate /gene - dinI_1 dinI_2
[09:17:26] Fixed 3 duplicate /gene - rrrD_1 rrrD_2 rrrD_3
[09:17:26] Fixed 3 duplicate /gene - hokE_1 hokE_2 hokE_3
[09:17:26] Fixed 2 duplicate /gene - ndhI_1 ndhI_2
[09:17:26] Fixed 2 duplicate /gene - tap_1 tap_2
[09:17:26] Fixed 4 duplicate /gene - btuD_1 btuD_2 btuD_3 btuD_4
[09:17:26] Fixed 2 duplicate /gene - lsrD_1 lsrD_2
[09:17:26] Fixed 3 duplicate /gene - cbeA_1 cbeA_2 cbeA_3
[09:17:26] Fixed 5 duplicate /gene - hyfA_1 hyfA_2 hyfA_3 hyfA_4 hyfA_5
[09:17:26] Fixed 2 duplicate /gene - flhA_1 flhA_2
[09:17:26] Fixed 2 duplicate /gene - narL_1 narL_2
[09:17:26] Fixed 2 duplicate /gene - bin3_1 bin3_2
[09:17:26] Fixed 2 duplicate /gene - fdoG_1 fdoG_2
[09:17:26] Fixed 2 duplicate /gene - yehB_1 yehB_2
[09:17:26] Fixed 2 duplicate /gene - gadX_1 gadX_2
[09:17:26] Fixed 2 duplicate /gene - srlE_1 srlE_2
[09:17:26] Fixed 2 duplicate /gene - leuE_1 leuE_2
[09:17:26] Fixed 2 duplicate /gene - ulaB_1 ulaB_2
[09:17:26] Fixed 3 duplicate /gene - dctM_1 dctM_2 dctM_3
[09:17:26] Fixed 2 duplicate /gene - vgrG1_1 vgrG1_2
[09:17:26] Fixed 3 duplicate /gene - fixX_1 fixX_2 fixX_3
[09:17:26] Fixed 2 duplicate /gene - cusC_1 cusC_2
[09:17:26] Fixed 2 duplicate /gene - gcvA_1 gcvA_2
[09:17:26] Fixed 2 duplicate /gene - cbtA_1 cbtA_2
[09:17:26] Fixed 2 duplicate /gene - ldrA_1 ldrA_2
[09:17:26] Fixed 2 duplicate /gene - hilA_1 hilA_2
[09:17:26] Fixed 2 duplicate /gene - acs_1 acs_2
[09:17:26] Fixed 3 duplicate /gene - rusA_1 rusA_2 rusA_3
[09:17:26] Fixed 2 duplicate /gene - cysB_1 cysB_2
[09:17:26] Fixed 2 duplicate /gene - pitA_1 pitA_2
[09:17:26] Fixed 2 duplicate /gene - bcsA_1 bcsA_2
[09:17:26] Fixed 2 duplicate /gene - rcsB_1 rcsB_2
[09:17:26] Fixed 2 duplicate /gene - chuR_1 chuR_2
[09:17:26] Fixed 2 duplicate /gene - caiT_1 caiT_2
[09:17:26] Fixed 3 duplicate /gene - ssb_1 ssb_2 ssb_3
[09:17:26] Fixed 2 duplicate /gene - malK_1 malK_2
[09:17:26] Fixed 2 duplicate /gene - aspT_1 aspT_2
[09:17:26] Fixed 2 duplicate /gene - fimF_1 fimF_2
[09:17:26] Fixed 2 duplicate /gene - topA_1 topA_2
[09:17:26] Fixed 3 duplicate /gene - btuB_1 btuB_2 btuB_3
[09:17:26] Fixed 2 duplicate /gene - lsrB_1 lsrB_2
[09:17:26] Fixed 2 duplicate /gene - rob_1 rob_2
[09:17:26] Fixed 2 duplicate /gene - agaC_1 agaC_2
[09:17:26] Fixed 2 duplicate /gene - psiB_1 psiB_2
[09:17:26] Fixed 2 duplicate /gene - higB_1 higB_2
[09:17:26] Fixed 3 duplicate /gene - por_1 por_2 por_3
[09:17:26] Fixed 2 duplicate /gene - sbmC_1 sbmC_2
[09:17:26] Fixed 2 duplicate /gene - ais_1 ais_2
[09:17:26] Fixed 2 duplicate /gene - leuC_1 leuC_2
[09:17:26] Fixed 2 duplicate /gene - gnsA_1 gnsA_2
[09:17:26] Fixed 2 duplicate /gene - ompT_1 ompT_2
[09:17:26] Fixed 2 duplicate /gene - rlhA_1 rlhA_2
[09:17:26] Fixed 2 duplicate /gene - yggP_1 yggP_2
[09:17:26] Fixed 2 duplicate /gene - manX_1 manX_2
[09:17:26] Fixed 2 duplicate /gene - clpP_1 clpP_2
[09:17:26] Fixed 3 duplicate /gene - mntB_1 mntB_2 mntB_3
[09:17:26] Fixed 2 duplicate /gene - ydjE_1 ydjE_2
[09:17:26] Fixed 2 duplicate /gene - ydjF_1 ydjF_2
[09:17:26] Fixed 2 duplicate /gene - ptsG_1 ptsG_2
[09:17:26] Fixed 2 duplicate /gene - ydjZ_1 ydjZ_2
[09:17:26] Fixed 3 duplicate /gene - sgrR_1 sgrR_2 sgrR_3
[09:17:26] Fixed 2 duplicate /gene - lsrG_1 lsrG_2
[09:17:26] Fixed 2 duplicate /gene - espC_1 espC_2
[09:17:26] Fixed 2 duplicate /gene - ubiJ_1 ubiJ_2
[09:17:26] Fixed 3 duplicate /gene - manZ_1 manZ_2 manZ_3
[09:17:26] Fixed 2 duplicate /gene - pal_1 pal_2
[09:17:26] Fixed 2 duplicate /gene - btuR_1 btuR_2
[09:17:26] Fixed 2 duplicate /gene - nagB_1 nagB_2
[09:17:26] Fixed 3 duplicate /gene - acpP_1 acpP_2 acpP_3
[09:17:26] Fixed 2 duplicate /gene - php_1 php_2
[09:17:26] Fixed 2 duplicate /gene - nepI_1 nepI_2
[09:17:26] Fixed 2 duplicate /gene - rbsA_1 rbsA_2
[09:17:26] Fixed 2 duplicate /gene - rpe_1 rpe_2
[09:17:26] Fixed 2 duplicate /gene - mbeC_1 mbeC_2
[09:17:26] Fixed 2 duplicate /gene - ytfJ_1 ytfJ_2
[09:17:26] Fixed 2 duplicate /gene - ldrD_1 ldrD_2
[09:17:26] Fixed 2 duplicate /gene - ssuC_1 ssuC_2
[09:17:26] Fixed 3 duplicate /gene - cynR_1 cynR_2 cynR_3
[09:17:26] Fixed 3 duplicate /gene - bhsA_1 bhsA_2 bhsA_3
[09:17:26] Fixed 2 duplicate /gene - fimC_1 fimC_2
[09:17:26] Fixed 2 duplicate /gene - sorB_1 sorB_2
[09:17:26] Fixed 2 duplicate /gene - tsaR_1 tsaR_2
[09:17:26] Fixed 268 colliding /gene names.
[09:17:26] Adding /locus_tag identifiers
[09:17:27] Assigned 4908 locus_tags to CDS and RNA features.
[09:17:27] Writing outputs to 005/prokka_results/
[09:17:29] Generating annotation statistics file
[09:17:29] Generating Genbank and Sequin files
[09:17:29] Running: tbl2asn -V b -a r10k -l paired-ends -M n -N 1 -y 'Annotated using prokka 1.14.6 from https://github.com/tseemann/prokka' -Z 005\/prokka_results\/wayao\.err -i 005\/prokka_results\/wayao\.fsa 2> /dev/null
[09:17:38] Deleting unwanted file: 005/prokka_results/errorsummary.val
[09:17:38] Deleting unwanted file: 005/prokka_results/wayao.dr
[09:17:38] Deleting unwanted file: 005/prokka_results/wayao.fixedproducts
[09:17:38] Deleting unwanted file: 005/prokka_results/wayao.ecn
[09:17:38] Deleting unwanted file: 005/prokka_results/wayao.val
[09:17:38] Repairing broken .GBK output that tbl2asn produces...
[09:17:38] Running: sed 's/COORDINATES: profile/COORDINATES:profile/' < 005\/prokka_results\/wayao\.gbf > 005\/prokka_results\/wayao\.gbk
[09:17:38] Deleting unwanted file: 005/prokka_results/wayao.gbf
[09:17:38] Output files:
[09:17:38] 005/prokka_results/wayao.tbl
[09:17:38] 005/prokka_results/wayao.gff
[09:17:38] 005/prokka_results/wayao.faa
[09:17:38] 005/prokka_results/wayao.gbk
[09:17:38] 005/prokka_results/wayao.sqn
[09:17:38] 005/prokka_results/wayao.fsa
[09:17:38] 005/prokka_results/wayao.fna
[09:17:38] 005/prokka_results/wayao.tsv
[09:17:38] 005/prokka_results/wayao.log
[09:17:38] 005/prokka_results/wayao.ffn
[09:17:38] 005/prokka_results/wayao.txt
[09:17:38] 005/prokka_results/wayao.err
[09:17:38] Annotation finished successfully.
[09:17:38] Walltime used: 2.13 minutes
[09:17:38] If you use this result please cite the Prokka paper:
[09:17:38] Seemann T (2014) Prokka: rapid prokaryotic genome annotation. Bioinformatics. 30(14):2068-9.
[09:17:38] Type 'prokka --citation' for more details.
[09:17:38] Thank you, come again.
